Determining if the pthread_create exist failed with the following output:
Change Dir: /home/christian/catkin_ws/build/CMakeFiles/CMakeTmp

Run Build Command:"/usr/bin/make" "cmTC_8d794/fast"
/usr/bin/make -f CMakeFiles/cmTC_8d794.dir/build.make CMakeFiles/cmTC_8d794.dir/build
make[1]: se entra en el directorio '/home/christian/catkin_ws/build/CMakeFiles/CMakeTmp'
Building C object CMakeFiles/cmTC_8d794.dir/CheckSymbolExists.c.o
/usr/bin/cc    -o CMakeFiles/cmTC_8d794.dir/CheckSymbolExists.c.o   -c /home/christian/catkin_ws/build/CMakeFiles/CMakeTmp/CheckSymbolExists.c
Linking C executable cmTC_8d794
/usr/bin/cmake -E cmake_link_script CMakeFiles/cmTC_8d794.dir/link.txt --verbose=1
/usr/bin/cc      -rdynamic CMakeFiles/cmTC_8d794.dir/CheckSymbolExists.c.o  -o cmTC_8d794 
CMakeFiles/cmTC_8d794.dir/CheckSymbolExists.c.o: En la función `main':
CheckSymbolExists.c:(.text+0x1b): referencia a `pthread_create' sin definir
collect2: error: ld returned 1 exit status
CMakeFiles/cmTC_8d794.dir/build.make:97: recipe for target 'cmTC_8d794' failed
make[1]: *** [cmTC_8d794] Error 1
make[1]: se sale del directorio '/home/christian/catkin_ws/build/CMakeFiles/CMakeTmp'
Makefile:126: recipe for target 'cmTC_8d794/fast' failed
make: *** [cmTC_8d794/fast] Error 2

File /home/christian/catkin_ws/build/CMakeFiles/CMakeTmp/CheckSymbolExists.c:
/* */
#include <pthread.h>

int main(int argc, char** argv)
{
  (void)argv;
#ifndef pthread_create
  return ((int*)(&pthread_create))[argc];
#else
  (void)argc;
  return 0;
#endif
}

Determining if the function pthread_create exists in the pthreads failed with the following output:
Change Dir: /home/christian/catkin_ws/build/CMakeFiles/CMakeTmp

Run Build Command:"/usr/bin/make" "cmTC_9dda1/fast"
/usr/bin/make -f CMakeFiles/cmTC_9dda1.dir/build.make CMakeFiles/cmTC_9dda1.dir/build
make[1]: se entra en el directorio '/home/christian/catkin_ws/build/CMakeFiles/CMakeTmp'
Building C object CMakeFiles/cmTC_9dda1.dir/CheckFunctionExists.c.o
/usr/bin/cc   -DCHECK_FUNCTION_EXISTS=pthread_create   -o CMakeFiles/cmTC_9dda1.dir/CheckFunctionExists.c.o   -c /usr/share/cmake-3.10/Modules/CheckFunctionExists.c
Linking C executable cmTC_9dda1
/usr/bin/cmake -E cmake_link_script CMakeFiles/cmTC_9dda1.dir/link.txt --verbose=1
/usr/bin/cc  -DCHECK_FUNCTION_EXISTS=pthread_create    -rdynamic CMakeFiles/cmTC_9dda1.dir/CheckFunctionExists.c.o  -o cmTC_9dda1 -lpthreads 
/usr/bin/x86_64-linux-gnu-ld: no se puede encontrar -lpthreads
collect2: error: ld returned 1 exit status
CMakeFiles/cmTC_9dda1.dir/build.make:97: recipe for target 'cmTC_9dda1' failed
make[1]: *** [cmTC_9dda1] Error 1
make[1]: se sale del directorio '/home/christian/catkin_ws/build/CMakeFiles/CMakeTmp'
Makefile:126: recipe for target 'cmTC_9dda1/fast' failed
make: *** [cmTC_9dda1/fast] Error 2


